mode: set
github.com/goloop/kind/kind.go:96.33,111.31 3 0
github.com/goloop/kind/kind.go:111.31,112.12 1 0
github.com/goloop/kind/kind.go:112.12,114.4 1 0
github.com/goloop/kind/kind.go:116.3,116.16 1 0
github.com/goloop/kind/kind.go:116.16,117.9 1 0
github.com/goloop/kind/kind.go:121.2,121.18 1 0
github.com/goloop/kind/kind.go:125.35,126.36 1 0
github.com/goloop/kind/kind.go:126.36,128.3 1 0
github.com/goloop/kind/kind.go:130.2,130.40 1 0
github.com/goloop/kind/kind.go:134.37,135.38 1 0
github.com/goloop/kind/kind.go:135.38,137.3 1 0
github.com/goloop/kind/kind.go:139.2,139.40 1 0
github.com/goloop/kind/kind.go:143.30,145.2 1 1
github.com/goloop/kind/kind.go:148.35,150.2 1 0
github.com/goloop/kind/kind.go:153.29,155.2 1 0
github.com/goloop/kind/kind.go:158.33,160.2 1 0
github.com/goloop/kind/kind.go:163.31,165.2 1 0
github.com/goloop/kind/kind.go:168.31,170.2 1 0
github.com/goloop/kind/kind.go:174.39,176.2 1 0
github.com/goloop/kind/kind.go:180.39,182.2 1 0
github.com/goloop/kind/kind.go:186.39,188.2 1 0
github.com/goloop/kind/kind.go:192.39,194.2 1 0
github.com/goloop/kind/kind.go:197.29,199.2 1 0
github.com/goloop/kind/kind.go:202.32,204.2 1 0
github.com/goloop/kind/kind.go:207.35,209.2 1 0
github.com/goloop/kind/kind.go:212.34,214.2 1 0
github.com/goloop/kind/kind.go:217.33,219.2 1 0
github.com/goloop/kind/kind.go:222.30,224.2 1 0
github.com/goloop/kind/kind.go:227.32,229.2 1 0
github.com/goloop/kind/kind.go:232.30,234.2 1 0
github.com/goloop/kind/kind.go:237.31,239.2 1 0
github.com/goloop/kind/kind.go:242.31,244.2 1 0
github.com/goloop/kind/kind.go:247.31,249.2 1 0
github.com/goloop/kind/kind.go:252.31,254.2 1 0
github.com/goloop/kind/kind.go:257.32,259.2 1 0
github.com/goloop/kind/kind.go:262.32,264.2 1 0
github.com/goloop/kind/kind.go:267.32,269.2 1 0
github.com/goloop/kind/kind.go:272.29,274.2 1 0
github.com/goloop/kind/kind.go:277.30,279.2 1 0
github.com/goloop/kind/kind.go:282.33,284.2 1 0
github.com/goloop/kind/kind.go:287.33,289.2 1 0
github.com/goloop/kind/kind.go:292.33,294.2 1 0
github.com/goloop/kind/kind.go:297.35,299.2 1 0
github.com/goloop/kind/kind.go:302.36,304.2 1 0
github.com/goloop/kind/kind.go:307.32,309.2 1 0
github.com/goloop/kind/kind.go:312.32,315.2 1 0
github.com/goloop/kind/kind.go:318.34,320.2 1 0
github.com/goloop/kind/kind.go:323.36,325.2 1 0
github.com/goloop/kind/kind.go:328.34,330.2 1 0
github.com/goloop/kind/kind.go:333.32,336.2 1 0
github.com/goloop/kind/kind.go:347.37,349.2 1 0
github.com/goloop/kind/kind.go:352.32,354.2 1 0
github.com/goloop/kind/kind.go:357.38,358.16 1 0
github.com/goloop/kind/kind.go:358.16,360.3 1 0
github.com/goloop/kind/kind.go:362.2,362.21 1 0
github.com/goloop/kind/kind.go:366.42,367.18 1 0
github.com/goloop/kind/kind.go:367.18,369.3 1 0
github.com/goloop/kind/kind.go:371.2,371.18 1 0
github.com/goloop/kind/kind.go:375.38,376.16 1 0
github.com/goloop/kind/kind.go:376.16,378.3 1 0
github.com/goloop/kind/kind.go:380.2,380.17 1 0
github.com/goloop/kind/kind.go:384.40,385.17 1 0
github.com/goloop/kind/kind.go:385.17,387.3 1 0
github.com/goloop/kind/kind.go:389.2,389.17 1 0
github.com/goloop/kind/kind.go:393.40,394.17 1 0
github.com/goloop/kind/kind.go:394.17,396.3 1 0
github.com/goloop/kind/kind.go:398.2,398.17 1 0
github.com/goloop/kind/kind.go:402.40,403.17 1 0
github.com/goloop/kind/kind.go:403.17,405.3 1 0
github.com/goloop/kind/kind.go:407.2,407.17 1 0
github.com/goloop/kind/kind.go:411.36,412.15 1 0
github.com/goloop/kind/kind.go:412.15,414.3 1 0
github.com/goloop/kind/kind.go:416.2,416.17 1 0
github.com/goloop/kind/kind.go:420.40,421.17 1 0
github.com/goloop/kind/kind.go:421.17,423.3 1 0
github.com/goloop/kind/kind.go:425.2,425.17 1 0
github.com/goloop/kind/kind.go:429.42,430.18 1 0
github.com/goloop/kind/kind.go:430.18,432.3 1 0
github.com/goloop/kind/kind.go:434.2,434.17 1 0
github.com/goloop/kind/kind.go:438.42,439.18 1 0
github.com/goloop/kind/kind.go:439.18,441.3 1 0
github.com/goloop/kind/kind.go:443.2,443.17 1 0
github.com/goloop/kind/kind.go:447.42,448.18 1 0
github.com/goloop/kind/kind.go:448.18,450.3 1 0
github.com/goloop/kind/kind.go:452.2,452.17 1 0
github.com/goloop/kind/kind.go:456.38,457.16 1 0
github.com/goloop/kind/kind.go:457.16,459.3 1 0
github.com/goloop/kind/kind.go:461.2,461.17 1 0
github.com/goloop/kind/kind.go:465.44,466.19 1 0
github.com/goloop/kind/kind.go:466.19,468.3 1 0
github.com/goloop/kind/kind.go:470.2,470.17 1 0
github.com/goloop/kind/kind.go:474.44,475.19 1 0
github.com/goloop/kind/kind.go:475.19,477.3 1 0
github.com/goloop/kind/kind.go:479.2,479.17 1 0
github.com/goloop/kind/kind.go:483.48,484.21 1 0
github.com/goloop/kind/kind.go:484.21,486.3 1 0
github.com/goloop/kind/kind.go:488.2,488.17 1 0
github.com/goloop/kind/kind.go:492.50,493.22 1 0
github.com/goloop/kind/kind.go:493.22,495.3 1 0
github.com/goloop/kind/kind.go:497.2,497.17 1 0
github.com/goloop/kind/kind.go:509.30,513.14 3 1
github.com/goloop/kind/kind.go:513.14,517.3 3 1
github.com/goloop/kind/kind.go:519.2,524.10 4 1
github.com/goloop/kind/kind.go:531.49,532.31 1 1
github.com/goloop/kind/kind.go:532.31,535.3 1 1
github.com/goloop/kind/kind.go:537.2,537.18 1 1
github.com/goloop/kind/kind.go:538.21,539.39 1 1
github.com/goloop/kind/kind.go:539.39,541.4 1 1
github.com/goloop/kind/kind.go:541.9,541.46 1 1
github.com/goloop/kind/kind.go:541.46,543.4 1 1
github.com/goloop/kind/kind.go:543.9,543.30 1 1
github.com/goloop/kind/kind.go:543.30,545.4 1 1
github.com/goloop/kind/kind.go:548.3,548.33 1 1
github.com/goloop/kind/kind.go:549.21,550.39 1 1
github.com/goloop/kind/kind.go:550.39,552.4 1 1
github.com/goloop/kind/kind.go:552.9,552.46 1 1
github.com/goloop/kind/kind.go:552.46,554.4 1 1
github.com/goloop/kind/kind.go:554.9,554.30 1 1
github.com/goloop/kind/kind.go:554.30,556.4 1 1
github.com/goloop/kind/kind.go:559.3,559.33 1 1
github.com/goloop/kind/kind.go:560.19,564.33 2 1
github.com/goloop/kind/kind.go:565.19,570.46 5 1
github.com/goloop/kind/kind.go:575.20,577.33 2 1
github.com/goloop/kind/kind.go:578.22,579.20 1 1
github.com/goloop/kind/kind.go:582.25,583.23 1 0
github.com/goloop/kind/kind.go:586.10,587.19 1 1
github.com/goloop/kind/kind.go:588.21,589.19 1 1
github.com/goloop/kind/kind.go:590.23,591.21 1 1
github.com/goloop/kind/kind.go:592.21,593.19 1 1
github.com/goloop/kind/kind.go:594.22,595.20 1 1
github.com/goloop/kind/kind.go:596.22,597.20 1 1
github.com/goloop/kind/kind.go:598.22,599.20 1 1
github.com/goloop/kind/kind.go:600.22,601.20 1 1
github.com/goloop/kind/kind.go:602.23,603.21 1 1
github.com/goloop/kind/kind.go:604.23,605.21 1 1
github.com/goloop/kind/kind.go:606.23,607.21 1 1
github.com/goloop/kind/kind.go:608.20,609.18 1 1
github.com/goloop/kind/kind.go:610.21,611.19 1 1
github.com/goloop/kind/kind.go:612.24,613.22 1 1
github.com/goloop/kind/kind.go:614.24,615.22 1 1
github.com/goloop/kind/kind.go:616.24,617.22 1 1
github.com/goloop/kind/kind.go:618.26,619.24 1 1
github.com/goloop/kind/kind.go:620.27,621.25 1 1
github.com/goloop/kind/kind.go:622.11,624.24 2 0
